<?xml version="1.0" encoding="UTF-8"?>
<coverage generated="1696971127665" clover="3.2.0">
  <project timestamp="1696971127665" name="All files">
    <metrics statements="4" coveredstatements="0" conditionals="0" coveredconditionals="0" methods="0" coveredmethods="0" elements="4" coveredelements="0" complexity="0" loc="4" ncloc="4" packages="1" files="2" classes="2"/>
    <file name="index.js" path="/Users/citlali/codebase/coinBoys/coin-boys/index.js">
      <metrics statements="1" coveredstatements="0" conditionals="0" coveredconditionals="0" methods="0" coveredmethods="0"/>
      <line num="8" count="0" type="stmt"/>
    </file>
    <file name="metro.config.js" path="/Users/citlali/codebase/coinBoys/coin-boys/metro.config.js">
      <metrics statements="3" coveredstatements="0" conditionals="0" coveredconditionals="0" methods="0" coveredmethods="0"/>
      <line num="2" count="0" type="stmt"/>
      <line num="5" count="0" type="stmt"/>
      <line num="7" count="0" type="stmt"/>
    </file>
  </project>
</coverage>
