{"/Users/citlali/codebase/coinBoys/coin-boys/index.js": {"path":"/Users/citlali/codebase/coinBoys/coin-boys/index.js","statementMap":{"0":{"start":{"line":8,"column":0},"end":{"line":8,"column":27}}},"fnMap":{},"branchMap":{},"s":{"0":0},"f":{},"b":{}}
,"/Users/citlali/codebase/coinBoys/coin-boys/metro.config.js": {"path":"/Users/citlali/codebase/coinBoys/coin-boys/metro.config.js","statementMap":{"0":{"start":{"line":2,"column":29},"end":{"line":2,"column":57}},"1":{"start":{"line":5,"column":15},"end":{"line":5,"column":42}},"2":{"start":{"line":7,"column":0},"end":{"line":7,"column":24}}},"fnMap":{},"branchMap":{},"s":{"0":0,"1":0,"2":0},"f":{},"b":{}}
}
